{"took":32968,"errors":false,"items":[
  {"index":{"_index":"qnmj-8ku6","_type":"s","_id":"9857732","_version":1,"status":201}},
  {"index":{"_index":"qnmj-8ku6","_type":"s","_id":"9862252","_version":1,"status":201}},
  {"index":{"_index":"qnmj-8ku6","_type":"s","_id":"9857271","_version":1,"status":201}},
  {"index":{"_index":"qnmj-8ku6","_type":"s","_id":"9857292","_version":1,"status":201}},
  {"index":{"_index":"qnmj-8ku6","_type":"s","_id":"9857246","_version":1,"status":201}},
  {"index":{"_index":"qnmj-8ku6","_type":"s","_id":"9857255","_version":1,"status":201}},
  {"index":{"_index":"qnmj-8ku6","_type":"s","_id":"9857281","_version":1,"status":201}},
  {"index":{"_index":"qnmj-8ku6","_type":"s","_id":"9857239","_version":1,"status":201}},
  {"index":{"_index":"qnmj-8ku6","_type":"s","_id":"9857304","_version":1,"status":201}},
  {"index":{"_index":"qnmj-8ku6","_type":"s","_id":"9857256","_version":1,"status":201}},
  ...
  {"index":{"_index":"qnmj-8ku6","_type":"s","_id":"9550450","_version":1,"status":201}},
  {"index":{"_index":"qnmj-8ku6","_type":"s","_id":"9824202","_version":1,"status":201}},
  {"index":{"_index":"qnmj-8ku6","_type":"s","_id":"9782386","_version":1,"status":201}},
  {"index":{"_index":"qnmj-8ku6","_type":"s","_id":"9542151","_version":1,"status":201}},
  {"index":{"_index":"qnmj-8ku6","_type":"s","_id":"9781770","_version":1,"status":201}},
  {"index":{"_index":"qnmj-8ku6","_type":"s","_id":"9707621","_version":1,"status":201}},
  {"index":{"_index":"qnmj-8ku6","_type":"s","_id":"9526900","_version":1,"status":201}},
  {"index":{"_index":"qnmj-8ku6","_type":"s","_id":"9522866","_version":1,"status":201}},
  {"index":{"_index":"qnmj-8ku6","_type":"s","_id":"9660009","_version":1,"status":201}},
  {"index":{"_index":"qnmj-8ku6","_type":"s","_id":"9514509","_version":1,"status":201}}
]}

